<?xml version="1.0" encoding="UTF-8"?>
<!-- Generated by org.testng.reporters.JUnitReportReporter -->
<testsuite skipped="0" hostname="Roly" name="TestNG.TestLIC" tests="1" failures="0" timestamp="2021-09-12T15:29:55 CLST" time="0.123" errors="0">
  <testcase name="login" time="0.123" classname="TestNG.TestLIC"/>
  <system-out/>
</testsuite> <!-- TestNG.TestLIC -->
