<?xml version="1.0" encoding="UTF-8"?>
<!-- Generated by org.testng.reporters.JUnitReportReporter -->
<testsuite hostname="DESKTOP-2JUJ58B" failures="0" tests="1" name="TestNG.bd_connectTest" time="0.386" errors="0" timestamp="2021-09-12T16:13:23 CLST" skipped="0">
  <testcase classname="TestNG.bd_connectTest" name="test" time="0.386"/>
  <system-out/>
</testsuite> <!-- TestNG.bd_connectTest -->
