<?xml version="1.0" encoding="UTF-8"?>
<!-- Generated by org.testng.reporters.JUnitReportReporter -->
<testsuite hostname="DESKTOP-2JUJ58B" failures="0" tests="1" name="TestRunner.Runner_LC" time="9.075" errors="0" timestamp="2021-09-12T16:13:23 CLST" skipped="0">
  <testcase classname="TestRunner.Runner_LC" name="runScenario" time="9.075"/>
  <system-out/>
</testsuite> <!-- TestRunner.Runner_LC -->
