<?xml version="1.0" encoding="UTF-8"?>
<!-- Generated by org.testng.reporters.JUnitReportReporter -->
<testsuite hostname="DESKTOP-2JUJ58B" failures="0" tests="1" name="TestRunner.Runner_AgendarHora" time="10.302" errors="0" timestamp="2021-09-12T16:13:23 CLST" skipped="0">
  <testcase classname="TestRunner.Runner_AgendarHora" name="runScenario" time="10.302"/>
  <system-out/>
</testsuite> <!-- TestRunner.Runner_AgendarHora -->
